1773651026.808872 client started (289019): version next-3.7, socket /tmp/tmux-1000/default, protocol 8
1773651026.808886 on Linux 6.6.87.2-microsoft-standard-WSL2 #1 SMP PREEMPT_DYNAMIC Thu Jun  5 18:30:46 UTC 2025
1773651026.808888 using libevent 2.1.12-stable poll
1773651026.808889 using ncurses 6.4 20240113
1773651026.808895 flags are 0x10010000
1773651026.808896 socket is /tmp/tmux-1000/default
1773651026.808941 trying connect
1773651026.808967 add peer 0x59cefe6d5680: 6 ((nil))
1773651026.809182 sending message 111 to peer 0x59cefe6d5680 (8 bytes)
1773651026.809185 sending message 111 to peer 0x59cefe6d5680 (8 bytes)
1773651026.809186 sending message 101 to peer 0x59cefe6d5680 (14 bytes)
1773651026.809188 sending message 109 to peer 0x59cefe6d5680 (4 bytes)
1773651026.809189 sending message 102 to peer 0x59cefe6d5680 (12 bytes)
1773651026.809189 sending message 108 to peer 0x59cefe6d5680 (25 bytes)
1773651026.809190 sending message 112 to peer 0x59cefe6d5680 (70 bytes)
1773651026.809191 sending message 112 to peer 0x59cefe6d5680 (5 bytes)
1773651026.809192 sending message 112 to peer 0x59cefe6d5680 (5 bytes)
1773651026.809193 sending message 112 to peer 0x59cefe6d5680 (6 bytes)
1773651026.809194 sending message 112 to peer 0x59cefe6d5680 (6 bytes)
1773651026.809195 sending message 112 to peer 0x59cefe6d5680 (11 bytes)
1773651026.809196 sending message 112 to peer 0x59cefe6d5680 (10 bytes)
1773651026.809196 sending message 112 to peer 0x59cefe6d5680 (13 bytes)
1773651026.809197 sending message 112 to peer 0x59cefe6d5680 (13 bytes)
1773651026.816202 sending message 112 to peer 0x59cefe6d5680 (18 bytes)
1773651026.816207 sending message 112 to peer 0x59cefe6d5680 (11 bytes)
1773651026.816208 sending message 112 to peer 0x59cefe6d5680 (10 bytes)
1773651026.816209 sending message 112 to peer 0x59cefe6d5680 (15 bytes)
1773651026.816210 sending message 112 to peer 0x59cefe6d5680 (21 bytes)
1773651026.816211 sending message 112 to peer 0x59cefe6d5680 (13 bytes)
1773651026.816212 sending message 112 to peer 0x59cefe6d5680 (7 bytes)
1773651026.816213 sending message 112 to peer 0x59cefe6d5680 (13 bytes)
1773651026.816214 sending message 112 to peer 0x59cefe6d5680 (7 bytes)
1773651026.816215 sending message 112 to peer 0x59cefe6d5680 (13 bytes)
1773651026.816216 sending message 112 to peer 0x59cefe6d5680 (9 bytes)
1773651026.816217 sending message 112 to peer 0x59cefe6d5680 (21 bytes)
1773651026.816229 sending message 112 to peer 0x59cefe6d5680 (13 bytes)
1773651026.816230 sending message 112 to peer 0x59cefe6d5680 (8 bytes)
1773651026.816231 sending message 112 to peer 0x59cefe6d5680 (12 bytes)
1773651026.816232 sending message 112 to peer 0x59cefe6d5680 (13 bytes)
1773651026.816233 sending message 112 to peer 0x59cefe6d5680 (9 bytes)
1773651026.816234 sending message 112 to peer 0x59cefe6d5680 (9 bytes)
1773651026.816235 sending message 112 to peer 0x59cefe6d5680 (12 bytes)
1773651026.816236 sending message 112 to peer 0x59cefe6d5680 (8 bytes)
1773651026.816237 sending message 112 to peer 0x59cefe6d5680 (8 bytes)
1773651026.816238 sending message 112 to peer 0x59cefe6d5680 (7 bytes)
1773651026.816239 sending message 112 to peer 0x59cefe6d5680 (7 bytes)
1773651026.816240 sending message 112 to peer 0x59cefe6d5680 (9 bytes)
1773651026.816241 sending message 112 to peer 0x59cefe6d5680 (13 bytes)
1773651026.816242 sending message 112 to peer 0x59cefe6d5680 (6 bytes)
1773651026.816243 sending message 112 to peer 0x59cefe6d5680 (9 bytes)
1773651026.816244 sending message 112 to peer 0x59cefe6d5680 (15 bytes)
1773651026.816245 sending message 112 to peer 0x59cefe6d5680 (13 bytes)
1773651026.816246 sending message 112 to peer 0x59cefe6d5680 (12 bytes)
1773651026.816247 sending message 112 to peer 0x59cefe6d5680 (8 bytes)
1773651026.816248 sending message 112 to peer 0x59cefe6d5680 (14 bytes)
1773651026.816249 sending message 112 to peer 0x59cefe6d5680 (11 bytes)
1773651026.816250 sending message 112 to peer 0x59cefe6d5680 (9 bytes)
1773651026.816251 sending message 112 to peer 0x59cefe6d5680 (10 bytes)
1773651026.816252 sending message 112 to peer 0x59cefe6d5680 (10 bytes)
1773651026.816281 sending message 112 to peer 0x59cefe6d5680 (10 bytes)
1773651026.816282 sending message 112 to peer 0x59cefe6d5680 (10 bytes)
1773651026.816283 sending message 112 to peer 0x59cefe6d5680 (11 bytes)
1773651026.816284 sending message 112 to peer 0x59cefe6d5680 (12 bytes)
1773651026.816285 sending message 112 to peer 0x59cefe6d5680 (12 bytes)
1773651026.816286 sending message 112 to peer 0x59cefe6d5680 (12 bytes)
1773651026.816287 sending message 112 to peer 0x59cefe6d5680 (12 bytes)
1773651026.816288 sending message 112 to peer 0x59cefe6d5680 (12 bytes)
1773651026.816289 sending message 112 to peer 0x59cefe6d5680 (11 bytes)
1773651026.816290 sending message 112 to peer 0x59cefe6d5680 (11 bytes)
1773651026.816291 sending message 112 to peer 0x59cefe6d5680 (12 bytes)
1773651026.816292 sending message 112 to peer 0x59cefe6d5680 (12 bytes)
1773651026.816293 sending message 112 to peer 0x59cefe6d5680 (12 bytes)
1773651026.816294 sending message 112 to peer 0x59cefe6d5680 (12 bytes)
1773651026.816295 sending message 112 to peer 0x59cefe6d5680 (12 bytes)
1773651026.816296 sending message 112 to peer 0x59cefe6d5680 (10 bytes)
1773651026.816297 sending message 112 to peer 0x59cefe6d5680 (12 bytes)
1773651026.816298 sending message 112 to peer 0x59cefe6d5680 (13 bytes)
1773651026.816299 sending message 112 to peer 0x59cefe6d5680 (13 bytes)
1773651026.816300 sending message 112 to peer 0x59cefe6d5680 (13 bytes)
1773651026.816301 sending message 112 to peer 0x59cefe6d5680 (13 bytes)
1773651026.816302 sending message 112 to peer 0x59cefe6d5680 (13 bytes)
1773651026.816303 sending message 112 to peer 0x59cefe6d5680 (8 bytes)
1773651026.816304 sending message 112 to peer 0x59cefe6d5680 (11 bytes)
1773651026.816305 sending message 112 to peer 0x59cefe6d5680 (11 bytes)
1773651026.816306 sending message 112 to peer 0x59cefe6d5680 (11 bytes)
1773651026.816307 sending message 112 to peer 0x59cefe6d5680 (12 bytes)
1773651026.816308 sending message 112 to peer 0x59cefe6d5680 (12 bytes)
1773651026.816309 sending message 112 to peer 0x59cefe6d5680 (12 bytes)
1773651026.816310 sending message 112 to peer 0x59cefe6d5680 (12 bytes)
1773651026.816311 sending message 112 to peer 0x59cefe6d5680 (13 bytes)
1773651026.816312 sending message 112 to peer 0x59cefe6d5680 (13 bytes)
1773651026.816313 sending message 112 to peer 0x59cefe6d5680 (13 bytes)
1773651026.816315 sending message 112 to peer 0x59cefe6d5680 (8 bytes)
1773651026.816315 sending message 112 to peer 0x59cefe6d5680 (13 bytes)
1773651026.816317 sending message 112 to peer 0x59cefe6d5680 (13 bytes)
1773651026.816318 sending message 112 to peer 0x59cefe6d5680 (13 bytes)
1773651026.816319 sending message 112 to peer 0x59cefe6d5680 (13 bytes)
1773651026.816320 sending message 112 to peer 0x59cefe6d5680 (13 bytes)
1773651026.816321 sending message 112 to peer 0x59cefe6d5680 (12 bytes)
1773651026.816322 sending message 112 to peer 0x59cefe6d5680 (12 bytes)
1773651026.816323 sending message 112 to peer 0x59cefe6d5680 (12 bytes)
1773651026.816324 sending message 112 to peer 0x59cefe6d5680 (12 bytes)
1773651026.816325 sending message 112 to peer 0x59cefe6d5680 (13 bytes)
1773651026.816326 sending message 112 to peer 0x59cefe6d5680 (8 bytes)
1773651026.816327 sending message 112 to peer 0x59cefe6d5680 (13 bytes)
1773651026.816328 sending message 112 to peer 0x59cefe6d5680 (13 bytes)
1773651026.816329 sending message 112 to peer 0x59cefe6d5680 (13 bytes)
1773651026.816329 sending message 112 to peer 0x59cefe6d5680 (13 bytes)
1773651026.816330 sending message 112 to peer 0x59cefe6d5680 (13 bytes)
1773651026.816331 sending message 112 to peer 0x59cefe6d5680 (13 bytes)
1773651026.816332 sending message 112 to peer 0x59cefe6d5680 (13 bytes)
1773651026.816333 sending message 112 to peer 0x59cefe6d5680 (12 bytes)
1773651026.816334 sending message 112 to peer 0x59cefe6d5680 (12 bytes)
1773651026.816335 sending message 112 to peer 0x59cefe6d5680 (12 bytes)
1773651026.816336 sending message 112 to peer 0x59cefe6d5680 (8 bytes)
1773651026.816337 sending message 112 to peer 0x59cefe6d5680 (12 bytes)
1773651026.816339 sending message 112 to peer 0x59cefe6d5680 (13 bytes)
1773651026.816340 sending message 112 to peer 0x59cefe6d5680 (13 bytes)
1773651026.816341 sending message 112 to peer 0x59cefe6d5680 (13 bytes)
1773651026.816342 sending message 112 to peer 0x59cefe6d5680 (13 bytes)
1773651026.816343 sending message 112 to peer 0x59cefe6d5680 (13 bytes)
1773651026.816344 sending message 112 to peer 0x59cefe6d5680 (13 bytes)
1773651026.816345 sending message 112 to peer 0x59cefe6d5680 (13 bytes)
1773651026.816346 sending message 112 to peer 0x59cefe6d5680 (13 bytes)
1773651026.816347 sending message 112 to peer 0x59cefe6d5680 (12 bytes)
1773651026.816348 sending message 112 to peer 0x59cefe6d5680 (10 bytes)
1773651026.816349 sending message 112 to peer 0x59cefe6d5680 (12 bytes)
1773651026.816350 sending message 112 to peer 0x59cefe6d5680 (12 bytes)
1773651026.816350 sending message 112 to peer 0x59cefe6d5680 (12 bytes)
1773651026.816351 sending message 112 to peer 0x59cefe6d5680 (13 bytes)
1773651026.816352 sending message 112 to peer 0x59cefe6d5680 (13 bytes)
1773651026.816353 sending message 112 to peer 0x59cefe6d5680 (13 bytes)
1773651026.816354 sending message 112 to peer 0x59cefe6d5680 (13 bytes)
1773651026.816355 sending message 112 to peer 0x59cefe6d5680 (13 bytes)
1773651026.816356 sending message 112 to peer 0x59cefe6d5680 (13 bytes)
1773651026.816357 sending message 112 to peer 0x59cefe6d5680 (13 bytes)
1773651026.816358 sending message 112 to peer 0x59cefe6d5680 (10 bytes)
1773651026.816359 sending message 112 to peer 0x59cefe6d5680 (13 bytes)
1773651026.816359 sending message 112 to peer 0x59cefe6d5680 (12 bytes)
1773651026.816360 sending message 112 to peer 0x59cefe6d5680 (12 bytes)
1773651026.816361 sending message 112 to peer 0x59cefe6d5680 (12 bytes)
1773651026.816362 sending message 112 to peer 0x59cefe6d5680 (10 bytes)
1773651026.816363 sending message 112 to peer 0x59cefe6d5680 (10 bytes)
1773651026.816364 sending message 112 to peer 0x59cefe6d5680 (10 bytes)
1773651026.816365 sending message 112 to peer 0x59cefe6d5680 (12 bytes)
1773651026.816366 sending message 112 to peer 0x59cefe6d5680 (13 bytes)
1773651026.816367 sending message 112 to peer 0x59cefe6d5680 (13 bytes)
1773651026.816368 sending message 112 to peer 0x59cefe6d5680 (13 bytes)
1773651026.816368 sending message 112 to peer 0x59cefe6d5680 (13 bytes)
1773651026.816369 sending message 112 to peer 0x59cefe6d5680 (13 bytes)
1773651026.816370 sending message 112 to peer 0x59cefe6d5680 (11 bytes)
1773651026.816371 sending message 112 to peer 0x59cefe6d5680 (11 bytes)
1773651026.816372 sending message 112 to peer 0x59cefe6d5680 (12 bytes)
1773651026.816373 sending message 112 to peer 0x59cefe6d5680 (12 bytes)
1773651026.816374 sending message 112 to peer 0x59cefe6d5680 (12 bytes)
1773651026.816375 sending message 112 to peer 0x59cefe6d5680 (12 bytes)
1773651026.816376 sending message 112 to peer 0x59cefe6d5680 (12 bytes)
1773651026.816377 sending message 112 to peer 0x59cefe6d5680 (11 bytes)
1773651026.816378 sending message 112 to peer 0x59cefe6d5680 (12 bytes)
1773651026.816378 sending message 112 to peer 0x59cefe6d5680 (12 bytes)
1773651026.816379 sending message 112 to peer 0x59cefe6d5680 (13 bytes)
1773651026.816380 sending message 112 to peer 0x59cefe6d5680 (13 bytes)
1773651026.816381 sending message 112 to peer 0x59cefe6d5680 (13 bytes)
1773651026.816382 sending message 112 to peer 0x59cefe6d5680 (13 bytes)
1773651026.816383 sending message 112 to peer 0x59cefe6d5680 (13 bytes)
1773651026.816384 sending message 112 to peer 0x59cefe6d5680 (10 bytes)
1773651026.816385 sending message 112 to peer 0x59cefe6d5680 (9 bytes)
1773651026.816386 sending message 112 to peer 0x59cefe6d5680 (12 bytes)
1773651026.816386 sending message 112 to peer 0x59cefe6d5680 (13 bytes)
1773651026.816387 sending message 112 to peer 0x59cefe6d5680 (13 bytes)
1773651026.816388 sending message 112 to peer 0x59cefe6d5680 (13 bytes)
1773651026.816389 sending message 112 to peer 0x59cefe6d5680 (13 bytes)
1773651026.816390 sending message 112 to peer 0x59cefe6d5680 (13 bytes)
1773651026.816392 sending message 112 to peer 0x59cefe6d5680 (9 bytes)
1773651026.816393 sending message 112 to peer 0x59cefe6d5680 (12 bytes)
1773651026.816394 sending message 112 to peer 0x59cefe6d5680 (13 bytes)
1773651026.816395 sending message 112 to peer 0x59cefe6d5680 (13 bytes)
1773651026.816396 sending message 112 to peer 0x59cefe6d5680 (13 bytes)
1773651026.816397 sending message 112 to peer 0x59cefe6d5680 (13 bytes)
1773651026.816398 sending message 112 to peer 0x59cefe6d5680 (13 bytes)
1773651026.816399 sending message 112 to peer 0x59cefe6d5680 (11 bytes)
1773651026.816400 sending message 112 to peer 0x59cefe6d5680 (12 bytes)
1773651026.816400 sending message 112 to peer 0x59cefe6d5680 (13 bytes)
1773651026.816401 sending message 112 to peer 0x59cefe6d5680 (13 bytes)
1773651026.816402 sending message 112 to peer 0x59cefe6d5680 (13 bytes)
1773651026.816403 sending message 112 to peer 0x59cefe6d5680 (13 bytes)
1773651026.816404 sending message 112 to peer 0x59cefe6d5680 (13 bytes)
1773651026.816405 sending message 112 to peer 0x59cefe6d5680 (11 bytes)
1773651026.816406 sending message 112 to peer 0x59cefe6d5680 (12 bytes)
1773651026.816407 sending message 112 to peer 0x59cefe6d5680 (12 bytes)
1773651026.816408 sending message 112 to peer 0x59cefe6d5680 (12 bytes)
1773651026.816408 sending message 112 to peer 0x59cefe6d5680 (12 bytes)
1773651026.816409 sending message 112 to peer 0x59cefe6d5680 (12 bytes)
1773651026.816410 sending message 112 to peer 0x59cefe6d5680 (21 bytes)
1773651026.816411 sending message 112 to peer 0x59cefe6d5680 (12 bytes)
1773651026.816412 sending message 112 to peer 0x59cefe6d5680 (9 bytes)
1773651026.816413 sending message 112 to peer 0x59cefe6d5680 (6 bytes)
1773651026.816414 sending message 112 to peer 0x59cefe6d5680 (13 bytes)
1773651026.816415 sending message 112 to peer 0x59cefe6d5680 (8 bytes)
1773651026.816416 sending message 112 to peer 0x59cefe6d5680 (15 bytes)
1773651026.816416 sending message 112 to peer 0x59cefe6d5680 (13 bytes)
1773651026.816417 sending message 112 to peer 0x59cefe6d5680 (9 bytes)
1773651026.816418 sending message 112 to peer 0x59cefe6d5680 (70 bytes)
1773651026.816419 sending message 112 to peer 0x59cefe6d5680 (69 bytes)
1773651026.816420 sending message 112 to peer 0x59cefe6d5680 (10 bytes)
1773651026.816421 sending message 112 to peer 0x59cefe6d5680 (10 bytes)
1773651026.816422 sending message 112 to peer 0x59cefe6d5680 (8 bytes)
1773651026.816423 sending message 112 to peer 0x59cefe6d5680 (15 bytes)
1773651026.816424 sending message 112 to peer 0x59cefe6d5680 (13 bytes)
1773651026.816425 sending message 112 to peer 0x59cefe6d5680 (10 bytes)
1773651026.816426 sending message 112 to peer 0x59cefe6d5680 (10 bytes)
1773651026.816427 sending message 112 to peer 0x59cefe6d5680 (17 bytes)
1773651026.816427 sending message 112 to peer 0x59cefe6d5680 (10 bytes)
1773651026.816428 sending message 112 to peer 0x59cefe6d5680 (13 bytes)
1773651026.816429 sending message 112 to peer 0x59cefe6d5680 (9 bytes)
1773651026.816430 sending message 112 to peer 0x59cefe6d5680 (5 bytes)
1773651026.816431 sending message 112 to peer 0x59cefe6d5680 (15 bytes)
1773651026.816432 sending message 104 to peer 0x59cefe6d5680 (0 bytes)
1773651026.816433 sending message 110 to peer 0x59cefe6d5680 (0 bytes)
1773651026.816435 sending message 107 to peer 0x59cefe6d5680 (4 bytes)
1773651026.816436 sending message 105 to peer 0x59cefe6d5680 (16 bytes)
1773651026.816437 sending message 105 to peer 0x59cefe6d5680 (32 bytes)
1773651026.816438 sending message 105 to peer 0x59cefe6d5680 (59 bytes)
1773651026.816439 sending message 105 to peer 0x59cefe6d5680 (51 bytes)
1773651026.816440 sending message 105 to peer 0x59cefe6d5680 (62 bytes)
1773651026.816441 sending message 105 to peer 0x59cefe6d5680 (20 bytes)
1773651026.816442 sending message 105 to peer 0x59cefe6d5680 (118 bytes)
1773651026.816443 sending message 105 to peer 0x59cefe6d5680 (8 bytes)
1773651026.816444 sending message 105 to peer 0x59cefe6d5680 (60 bytes)
1773651026.816445 sending message 105 to peer 0x59cefe6d5680 (24 bytes)
1773651026.816447 sending message 105 to peer 0x59cefe6d5680 (30 bytes)
1773651026.816448 sending message 105 to peer 0x59cefe6d5680 (29 bytes)
1773651026.816449 sending message 105 to peer 0x59cefe6d5680 (37 bytes)
1773651026.816450 sending message 105 to peer 0x59cefe6d5680 (20 bytes)
1773651026.816451 sending message 105 to peer 0x59cefe6d5680 (36 bytes)
1773651026.816452 sending message 105 to peer 0x59cefe6d5680 (22 bytes)
1773651026.816453 sending message 105 to peer 0x59cefe6d5680 (120 bytes)
1773651026.816454 sending message 105 to peer 0x59cefe6d5680 (49 bytes)
1773651026.816455 sending message 105 to peer 0x59cefe6d5680 (22 bytes)
1773651026.816456 sending message 105 to peer 0x59cefe6d5680 (58 bytes)
1773651026.816457 sending message 105 to peer 0x59cefe6d5680 (21 bytes)
1773651026.816457 sending message 105 to peer 0x59cefe6d5680 (27 bytes)
1773651026.816458 sending message 105 to peer 0x59cefe6d5680 (20 bytes)
1773651026.816459 sending message 105 to peer 0x59cefe6d5680 (43 bytes)
1773651026.816460 sending message 105 to peer 0x59cefe6d5680 (27 bytes)
1773651026.816461 sending message 105 to peer 0x59cefe6d5680 (14 bytes)
1773651026.816462 sending message 105 to peer 0x59cefe6d5680 (29 bytes)
1773651026.816463 sending message 105 to peer 0x59cefe6d5680 (13 bytes)
1773651026.816464 sending message 105 to peer 0x59cefe6d5680 (71 bytes)
1773651026.816465 sending message 105 to peer 0x59cefe6d5680 (55 bytes)
1773651026.816466 sending message 105 to peer 0x59cefe6d5680 (38 bytes)
1773651026.816467 sending message 105 to peer 0x59cefe6d5680 (64 bytes)
1773651026.816468 sending message 105 to peer 0x59cefe6d5680 (38 bytes)
1773651026.816468 sending message 105 to peer 0x59cefe6d5680 (16 bytes)
1773651026.816469 sending message 105 to peer 0x59cefe6d5680 (13 bytes)
1773651026.816470 sending message 105 to peer 0x59cefe6d5680 (36 bytes)
1773651026.816471 sending message 105 to peer 0x59cefe6d5680 (1817 bytes)
1773651026.816483 sending message 105 to peer 0x59cefe6d5680 (30 bytes)
1773651026.816484 sending message 105 to peer 0x59cefe6d5680 (20 bytes)
1773651026.816485 sending message 105 to peer 0x59cefe6d5680 (26 bytes)
1773651026.816486 sending message 105 to peer 0x59cefe6d5680 (46 bytes)
1773651026.816487 sending message 105 to peer 0x59cefe6d5680 (109 bytes)
1773651026.816488 sending message 105 to peer 0x59cefe6d5680 (30 bytes)
1773651026.816489 sending message 105 to peer 0x59cefe6d5680 (55 bytes)
1773651026.816490 sending message 105 to peer 0x59cefe6d5680 (21 bytes)
1773651026.816491 sending message 105 to peer 0x59cefe6d5680 (29 bytes)
1773651026.816492 sending message 105 to peer 0x59cefe6d5680 (50 bytes)
1773651026.816493 sending message 105 to peer 0x59cefe6d5680 (38 bytes)
1773651026.816494 sending message 105 to peer 0x59cefe6d5680 (28 bytes)
1773651026.816495 sending message 105 to peer 0x59cefe6d5680 (60 bytes)
1773651026.816496 sending message 105 to peer 0x59cefe6d5680 (43 bytes)
1773651026.816496 sending message 105 to peer 0x59cefe6d5680 (24 bytes)
1773651026.816497 sending message 105 to peer 0x59cefe6d5680 (33 bytes)
1773651026.816498 sending message 105 to peer 0x59cefe6d5680 (34 bytes)
1773651026.816499 sending message 105 to peer 0x59cefe6d5680 (12 bytes)
1773651026.816500 sending message 105 to peer 0x59cefe6d5680 (19 bytes)
1773651026.816501 sending message 105 to peer 0x59cefe6d5680 (31 bytes)
1773651026.816502 sending message 105 to peer 0x59cefe6d5680 (32 bytes)
1773651026.816503 sending message 105 to peer 0x59cefe6d5680 (10 bytes)
1773651026.816504 sending message 105 to peer 0x59cefe6d5680 (13 bytes)
1773651026.816504 sending message 105 to peer 0x59cefe6d5680 (11 bytes)
1773651026.816505 sending message 105 to peer 0x59cefe6d5680 (84 bytes)
1773651026.816506 sending message 105 to peer 0x59cefe6d5680 (8 bytes)
1773651026.816507 sending message 105 to peer 0x59cefe6d5680 (14 bytes)
1773651026.816508 sending message 105 to peer 0x59cefe6d5680 (11 bytes)
1773651026.816509 sending message 105 to peer 0x59cefe6d5680 (40 bytes)
1773651026.816510 sending message 105 to peer 0x59cefe6d5680 (46 bytes)
1773651026.816515 sending message 105 to peer 0x59cefe6d5680 (53 bytes)
1773651026.816516 sending message 105 to peer 0x59cefe6d5680 (57 bytes)
1773651026.816517 sending message 105 to peer 0x59cefe6d5680 (17 bytes)
1773651026.816518 sending message 105 to peer 0x59cefe6d5680 (32 bytes)
1773651026.816519 sending message 105 to peer 0x59cefe6d5680 (58 bytes)
1773651026.816520 sending message 105 to peer 0x59cefe6d5680 (15 bytes)
1773651026.816520 sending message 105 to peer 0x59cefe6d5680 (28 bytes)
1773651026.816521 sending message 105 to peer 0x59cefe6d5680 (56 bytes)
1773651026.816522 sending message 105 to peer 0x59cefe6d5680 (28 bytes)
1773651026.816523 sending message 105 to peer 0x59cefe6d5680 (37 bytes)
1773651026.816524 sending message 105 to peer 0x59cefe6d5680 (128 bytes)
1773651026.816525 sending message 105 to peer 0x59cefe6d5680 (65 bytes)
1773651026.816526 sending message 105 to peer 0x59cefe6d5680 (85 bytes)
1773651026.816527 sending message 105 to peer 0x59cefe6d5680 (1511 bytes)
1773651026.816529 sending message 105 to peer 0x59cefe6d5680 (24 bytes)
1773651026.816530 sending message 105 to peer 0x59cefe6d5680 (54 bytes)
1773651026.816531 sending message 105 to peer 0x59cefe6d5680 (42 bytes)
1773651026.816532 sending message 105 to peer 0x59cefe6d5680 (51 bytes)
1773651026.816533 sending message 105 to peer 0x59cefe6d5680 (16 bytes)
1773651026.816534 sending message 105 to peer 0x59cefe6d5680 (27 bytes)
1773651026.816535 sending message 105 to peer 0x59cefe6d5680 (40 bytes)
1773651026.816536 sending message 105 to peer 0x59cefe6d5680 (54 bytes)
1773651026.816537 sending message 105 to peer 0x59cefe6d5680 (21 bytes)
1773651026.816537 sending message 105 to peer 0x59cefe6d5680 (66 bytes)
1773651026.816538 sending message 105 to peer 0x59cefe6d5680 (18 bytes)
1773651026.816539 sending message 105 to peer 0x59cefe6d5680 (18 bytes)
1773651026.816540 sending message 105 to peer 0x59cefe6d5680 (22 bytes)
1773651026.816541 sending message 106 to peer 0x59cefe6d5680 (0 bytes)
1773651026.816585 sending message 200 to peer 0x59cefe6d5680 (4 bytes)
1773651026.816587 client loop enter
1773651026.817071 peer 0x59cefe6d5680 message 303
1773651026.817079 open write file 2 -
1773651026.817108 sending message 305 to peer 0x59cefe6d5680 (8 bytes)
1773651026.817114 write check file 2
1773651026.817189 peer 0x59cefe6d5680 message 304
1773651026.817190 write 58 to file 2
1773651026.817192 peer 0x59cefe6d5680 message 203
1773651026.817193 file 2 58 bytes left
1773651026.817206 write check file 2
1773651026.817207 client loop exit
